2026-01-31 17:59:13,523 - database - INFO - Database initialized successfully
2026-01-31 17:59:15,078 - utils - INFO - 🤖 News Monitoring System Started
2026-01-31 17:59:15,078 - utils - INFO - ⏱️  Check interval: 30 minutes
2026-01-31 17:59:15,080 - utils - INFO - 🔍 Relevance threshold: 0.3
2026-01-31 17:59:15,080 - utils - INFO - 📡 Monitoring 85 sources
2026-01-31 17:59:15,080 - utils - INFO - ======================================================================
2026-01-31 17:59:16,940 - telegram_bot - INFO - Telegram bot started
2026-01-31 17:59:16,940 - utils - INFO - ⏳ Waiting for first user to login...
2026-01-31 17:59:17,310 - httpx - INFO - HTTP Request: POST https://api.telegram.org/bot8500861592:AAHj3wJBbsu_wJa2NlavcgoAwA-fDrByO6k/getMe "HTTP/1.1 200 OK"
2026-01-31 17:59:17,310 - telegram_bot - INFO - Telegram bot initialized successfully
2026-01-31 17:59:17,310 - telegram.ext.Application - INFO - Application started
2026-01-31 17:59:17,405 - httpx - INFO - HTTP Request: POST https://api.telegram.org/bot8500861592:AAHj3wJBbsu_wJa2NlavcgoAwA-fDrByO6k/deleteWebhook "HTTP/1.1 200 OK"
2026-01-31 17:59:27,398 - httpx - INFO - HTTP Request: POST https://api.telegram.org/bot8500861592:AAHj3wJBbsu_wJa2NlavcgoAwA-fDrByO6k/getUpdates "HTTP/1.1 200 OK"
2026-01-31 17:59:28,278 - httpx - INFO - HTTP Request: POST https://api.telegram.org/bot8500861592:AAHj3wJBbsu_wJa2NlavcgoAwA-fDrByO6k/sendPhoto "HTTP/1.1 200 OK"
2026-01-31 17:59:29,819 - httpx - INFO - HTTP Request: POST https://api.telegram.org/bot8500861592:AAHj3wJBbsu_wJa2NlavcgoAwA-fDrByO6k/getUpdates "HTTP/1.1 200 OK"
2026-01-31 17:59:29,970 - httpx - INFO - HTTP Request: POST https://api.telegram.org/bot8500861592:AAHj3wJBbsu_wJa2NlavcgoAwA-fDrByO6k/answerCallbackQuery "HTTP/1.1 200 OK"
2026-01-31 17:59:30,094 - httpx - INFO - HTTP Request: POST https://api.telegram.org/bot8500861592:AAHj3wJBbsu_wJa2NlavcgoAwA-fDrByO6k/editMessageCaption "HTTP/1.1 200 OK"
2026-01-31 17:59:30,617 - httpx - INFO - HTTP Request: POST https://api.telegram.org/bot8500861592:AAHj3wJBbsu_wJa2NlavcgoAwA-fDrByO6k/getUpdates "HTTP/1.1 200 OK"
2026-01-31 17:59:30,723 - httpx - INFO - HTTP Request: POST https://api.telegram.org/bot8500861592:AAHj3wJBbsu_wJa2NlavcgoAwA-fDrByO6k/answerCallbackQuery "HTTP/1.1 200 OK"
2026-01-31 17:59:30,885 - httpx - INFO - HTTP Request: POST https://api.telegram.org/bot8500861592:AAHj3wJBbsu_wJa2NlavcgoAwA-fDrByO6k/editMessageCaption "HTTP/1.1 200 OK"
2026-01-31 17:59:32,882 - httpx - INFO - HTTP Request: POST https://api.telegram.org/bot8500861592:AAHj3wJBbsu_wJa2NlavcgoAwA-fDrByO6k/getUpdates "HTTP/1.1 200 OK"
2026-01-31 17:59:33,049 - httpx - INFO - HTTP Request: POST https://api.telegram.org/bot8500861592:AAHj3wJBbsu_wJa2NlavcgoAwA-fDrByO6k/deleteMessage "HTTP/1.1 200 OK"
2026-01-31 17:59:33,199 - httpx - INFO - HTTP Request: POST https://api.telegram.org/bot8500861592:AAHj3wJBbsu_wJa2NlavcgoAwA-fDrByO6k/deleteMessage "HTTP/1.1 200 OK"
2026-01-31 17:59:33,385 - httpx - INFO - HTTP Request: POST https://api.telegram.org/bot8500861592:AAHj3wJBbsu_wJa2NlavcgoAwA-fDrByO6k/sendMessage "HTTP/1.1 200 OK"
2026-01-31 17:59:33,387 - telegram_bot - INFO - User 5413256595 authenticated - starting wizard
2026-01-31 17:59:33,387 - telegram_bot - INFO - User 5413256595 authenticated - starting initial check
2026-01-31 17:59:39,321 - httpx - INFO - HTTP Request: POST https://api.telegram.org/bot8500861592:AAHj3wJBbsu_wJa2NlavcgoAwA-fDrByO6k/getUpdates "HTTP/1.1 200 OK"
2026-01-31 17:59:39,737 - httpx - INFO - HTTP Request: POST https://api.telegram.org/bot8500861592:AAHj3wJBbsu_wJa2NlavcgoAwA-fDrByO6k/answerCallbackQuery "HTTP/1.1 200 OK"
2026-01-31 17:59:39,747 - telegram_bot - INFO - Settings saved for user 5413256595
2026-01-31 17:59:39,935 - httpx - INFO - HTTP Request: POST https://api.telegram.org/bot8500861592:AAHj3wJBbsu_wJa2NlavcgoAwA-fDrByO6k/sendMessage "HTTP/1.1 200 OK"
2026-01-31 17:59:40,070 - httpx - INFO - HTTP Request: POST https://api.telegram.org/bot8500861592:AAHj3wJBbsu_wJa2NlavcgoAwA-fDrByO6k/sendMessage "HTTP/1.1 200 OK"
2026-01-31 17:59:40,071 - telegram_bot - INFO - Wizard finished for 5413256595. Authenticated and check triggered.
2026-01-31 17:59:40,256 - utils - INFO - ✅ User authenticated! Starting news monitoring...
2026-01-31 17:59:40,256 - utils - INFO - ======================================================================
2026-01-31 17:59:40,257 - utils - INFO - 🚀 STARTING NEWS PROCESSING CYCLE
2026-01-31 17:59:40,257 - utils - INFO - ======================================================================
2026-01-31 17:59:40,257 - utils - INFO - 
2026-01-31 17:59:40,257 - utils - INFO - 📥 STEP 1/4: PARALLEL COLLECTION
2026-01-31 17:59:40,257 - utils - INFO - ----------------------------------------------------------------------
2026-01-31 17:59:40,379 - httpx - INFO - HTTP Request: POST https://api.telegram.org/bot8500861592:AAHj3wJBbsu_wJa2NlavcgoAwA-fDrByO6k/editMessageText "HTTP/1.1 200 OK"
2026-01-31 17:59:40,380 - news_collector - INFO - 🚀 Collection from 85 sources (20 workers)...
2026-01-31 17:59:42,573 - news_collector - WARNING - No entries found in Известия – Новости
2026-01-31 17:59:43,028 - news_collector - WARNING - No entries found in 74.ru – Челябинск
2026-01-31 17:59:43,142 - news_collector - WARNING - No entries found in E1.ru – Екатеринбург
2026-01-31 17:59:43,254 - news_collector - WARNING - No entries found in Fontanka.ru – Санкт‑Петербург
2026-01-31 17:59:43,438 - news_collector - WARNING - No entries found in NGS.ru – Новосибирск
2026-01-31 17:59:43,513 - news_collector - WARNING - No entries found in 66.ru – Екатеринбург
2026-01-31 17:59:43,669 - database - ERROR - Database error: UNIQUE constraint failed: articles.url
2026-01-31 17:59:43,770 - news_collector - WARNING - No entries found in DP.ru – Петербург
2026-01-31 17:59:44,717 - database - ERROR - Database error: UNIQUE constraint failed: articles.url
2026-01-31 17:59:44,869 - database - ERROR - Database error: UNIQUE constraint failed: articles.url
2026-01-31 17:59:45,177 - news_collector - WARNING - No entries found in Ksonline – Красноярск
2026-01-31 17:59:45,331 - news_collector - INFO - [10%] ✓ KazanFirst – Казань: 1
2026-01-31 17:59:45,479 - database - ERROR - Database error: UNIQUE constraint failed: articles.url
2026-01-31 17:59:46,059 - news_collector - INFO - [11%] ✓ РИА Новости – Архив: 50
2026-01-31 17:59:46,180 - news_collector - INFO - [12%] ✓ Rambler Новости – Санкт‑Петербург: 9
2026-01-31 17:59:46,261 - database - ERROR - Database error: UNIQUE constraint failed: articles.url
2026-01-31 17:59:46,462 - news_collector - INFO - [14%] ✓ Rambler Новости – Россия: 8
2026-01-31 17:59:46,600 - news_collector - WARNING - No entries found in Rambler Новости – Екатеринбург
2026-01-31 17:59:47,237 - news_collector - INFO - [16%] ✓ Lenta.ru – Россия: 48
2026-01-31 17:59:47,444 - database - ERROR - Database error: UNIQUE constraint failed: articles.url
2026-01-31 17:59:47,547 - news_collector - INFO - [17%] ✓ Rambler Новости – Омск: 10
2026-01-31 17:59:47,728 - news_collector - INFO - [18%] ✓ Rambler Новости – Самара: 10
2026-01-31 17:59:47,878 - news_collector - INFO - [20%] ✓ МЧС России – Новости: 10
2026-01-31 17:59:48,010 - news_collector - WARNING - No entries found in Российская газета – Регионы РФ
2026-01-31 17:59:48,199 - news_collector - WARNING - No entries found in Bg.ru – Город
2026-01-31 17:59:48,310 - news_collector - INFO - [23%] ✓ Rambler Новости – Казань: 9
2026-01-31 17:59:48,434 - news_collector - WARNING - No entries found in E1.ru – Новости
2026-01-31 17:59:48,536 - news_collector - WARNING - No entries found in Bg.ru – Москва, новости города
2026-01-31 17:59:48,660 - news_collector - WARNING - No entries found in NGS.ru – Происшествия
2026-01-31 17:59:48,780 - news_collector - WARNING - No entries found in 66.ru – Новости Екатеринбурга
2026-01-31 17:59:48,910 - news_collector - WARNING - No entries found in 74.ru – Происшествия
2026-01-31 17:59:49,204 - news_collector - WARNING - No entries found in Fontanka.ru – Происшествия
2026-01-31 17:59:49,247 - database - ERROR - Database error: UNIQUE constraint failed: articles.url
2026-01-31 17:59:49,363 - database - ERROR - Database error: UNIQUE constraint failed: articles.url
2026-01-31 17:59:49,429 - httpx - INFO - HTTP Request: POST https://api.telegram.org/bot8500861592:AAHj3wJBbsu_wJa2NlavcgoAwA-fDrByO6k/getUpdates "HTTP/1.1 200 OK"
2026-01-31 17:59:50,194 - database - ERROR - Database error: UNIQUE constraint failed: articles.url
2026-01-31 17:59:50,274 - news_collector - INFO - [31%] ✓ News.mail.ru – Россия: 18
2026-01-31 17:59:50,447 - news_collector - INFO - [32%] ✓ Rambler Новости – Новосибирск: 10
2026-01-31 17:59:50,878 - news_collector - INFO - [34%] ✓ Rambler Новости – Москва: 7
2026-01-31 17:59:51,092 - news_collector - INFO - [35%] ✓ V‑pravda – Волгоградская область: 50
2026-01-31 17:59:51,186 - news_collector - WARNING - No entries found in Яндекс ЖКХ
2026-01-31 17:59:51,350 - news_collector - WARNING - No entries found in Яндекс Происшествия
2026-01-31 17:59:51,444 - news_collector - WARNING - No entries found in Коммунальный комплекс России – Новости ЖКХ
2026-01-31 17:59:51,937 - news_collector - WARNING - No entries found in Ksonline – Коммуналка и город
2026-01-31 17:59:52,037 - news_collector - INFO - [41%] ✓ News.mail.ru – Россия, общество: 2
2026-01-31 17:59:52,233 - news_collector - INFO - [42%] ✓ Logika‑consortium – Теплосети и аварии: 1
2026-01-31 17:59:52,310 - database - ERROR - Database error: UNIQUE constraint failed: articles.url
2026-01-31 17:59:52,369 - news_collector - WARNING - No entries found in URA.RU – УрФО
2026-01-31 17:59:52,578 - news_collector - WARNING - No entries found in Правительство Санкт‑Петербурга – Новости
2026-01-31 17:59:52,884 - news_collector - WARNING - No entries found in Novgorodskie Vedomosti – Новости
2026-01-31 17:59:53,028 - news_collector - WARNING - No entries found in Novgorodskie Vedomosti – Пресс-релизы
2026-01-31 17:59:53,175 - news_collector - WARNING - No entries found in Администрация Калининграда – Новости
2026-01-31 17:59:53,275 - database - ERROR - Database error: UNIQUE constraint failed: articles.url
2026-01-31 17:59:53,400 - news_collector - INFO - [49%] ✓ ТАСС – Общая лента: 29
2026-01-31 17:59:53,638 - news_collector - INFO - [50%] ✓ Google News Russia (ЖКХ): 49
2026-01-31 17:59:53,760 - news_collector - INFO - [51%] ✓ Rambler Новости – Красноярск: 10
2026-01-31 17:59:54,055 - news_collector - INFO - [52%] ✓ Мос.ру – Новости города: 10
2026-01-31 17:59:54,155 - news_collector - INFO - [54%] ✓ ТАСС – Происшествия: 21
2026-01-31 17:59:54,360 - news_collector - WARNING - No entries found in Администрация Омска – Новости
2026-01-31 17:59:54,575 - news_collector - INFO - [56%] ✓ Городские вести Волгоград – ЖКХ: 20
2026-01-31 17:59:54,685 - news_collector - WARNING - No entries found in Администрация Новосибирска – Новости
2026-01-31 17:59:54,902 - news_collector - WARNING - No entries found in Администрация Челябинска – Новости
2026-01-31 17:59:55,310 - news_collector - WARNING - No entries found in Администрация Красноярска – Новости
2026-01-31 17:59:56,002 - news_collector - WARNING - No entries found in Администрация Екатеринбурга – Новости
2026-01-31 17:59:56,063 - database - ERROR - Database error: UNIQUE constraint failed: articles.url
2026-01-31 17:59:56,190 - news_collector - WARNING - No entries found in NN.ru – Нижний Новгород, происшествия
2026-01-31 17:59:56,380 - news_collector - WARNING - No entries found in Город N – Нижний Новгород, происшествия
2026-01-31 17:59:56,500 - news_collector - INFO - [65%] ✓ Российская газета – Общество/ЖКХ: 50
2026-01-31 17:59:56,612 - news_collector - INFO - [67%] ✓ Интерфакс – Россия: 25
2026-01-31 17:59:56,775 - news_collector - WARNING - No entries found in Khabarovsk.kp.ru – Хабаровск, происшествия
2026-01-31 17:59:57,062 - news_collector - WARNING - No entries found in 35media.ru – Вологодская область, происшествия
2026-01-31 17:59:57,177 - news_collector - WARNING - No entries found in Irkutsk.kp.ru – Иркутск, происшествия
2026-01-31 17:59:57,396 - news_collector - INFO - [71%] ✓ News161.ru – Экология: 5
2026-01-31 17:59:57,505 - news_collector - WARNING - No entries found in Omsk.kp.ru – Омск, происшествия
2026-01-31 17:59:57,558 - news_collector - WARNING - No entries found in Spb.kp.ru – Петербург, происшествия
2026-01-31 17:59:57,724 - news_collector - WARNING - No entries found in Msk.kp.ru – Москва, происшествия
2026-01-31 17:59:57,730 - news_collector - WARNING - No entries found in Tendence.ru – IT и сбои инфраструктуры
2026-01-31 17:59:57,964 - news_collector - INFO - [77%] ✓ News161.ru – Азов: 4
2026-01-31 17:59:58,067 - news_collector - INFO - [78%] ✓ News161.ru – Экономика: 5
2026-01-31 17:59:58,110 - news_collector - INFO - [80%] ✓ News161.ru – Общество: 5
2026-01-31 17:59:58,204 - news_collector - WARNING - No entries found in Минстрой России – Новости
2026-01-31 17:59:58,204 - news_collector - INFO - [81%] ✓ 63.ru – Самара, происшествия: 25
2026-01-31 17:59:58,230 - news_collector - INFO - [83%] ✓ News161.ru – Шахты: 3
2026-01-31 17:59:58,284 - news_collector - INFO - [84%] ✓ ComNews.ru – Связь и инфраструктура: 2
2026-01-31 17:59:58,354 - news_collector - WARNING - No entries found in Росводоканал – Новости
2026-01-31 17:59:58,376 - database - ERROR - Database error: UNIQUE constraint failed: articles.url
2026-01-31 17:59:58,533 - news_collector - INFO - [87%] ✓ News161.ru – Волгодонск: 1
2026-01-31 17:59:58,569 - news_collector - WARNING - No entries found in РосТехНадзор – Новости
2026-01-31 17:59:58,691 - news_collector - INFO - [89%] ✓ ЕАН – Екатеринбург, Свердловская область: 50
2026-01-31 17:59:58,723 - news_collector - INFO - [90%] ✓ Коммерсантъ – Происшествия: 50
2026-01-31 17:59:58,804 - news_collector - INFO - [91%] ✓ 59.ru – Пермь, происшествия: 37
2026-01-31 17:59:58,843 - news_collector - INFO - [92%] ✓ 161.ru – Ростов‑на‑Дону, происшествия: 25
2026-01-31 17:59:59,340 - news_collector - INFO - [94%] ✓ Омск здесь – Общество/ЖКХ: 40
2026-01-31 17:59:59,469 - news_collector - INFO - [95%] ✓ 116.ru – Казань, происшествия: 13
2026-01-31 17:59:59,530 - httpx - INFO - HTTP Request: POST https://api.telegram.org/bot8500861592:AAHj3wJBbsu_wJa2NlavcgoAwA-fDrByO6k/getUpdates "HTTP/1.1 200 OK"
2026-01-31 17:59:59,536 - news_collector - INFO - [96%] ✓ 76.ru – Ярославль, происшествия: 15
2026-01-31 17:59:59,579 - news_collector - WARNING - No entries found in Администрация Перми – Новости
2026-01-31 18:00:00,552 - news_collector - WARNING - No entries found in Zhel.city – Железногорск, коммунальные новости
2026-01-31 18:00:00,994 - news_collector - WARNING - No entries found in Energyland.info – Аварии в энергетике
2026-01-31 18:00:00,996 - news_collector - INFO - ⚡ DONE: 737 articles in 20.6s
2026-01-31 18:00:00,996 - utils - INFO - ✅ Collection complete: 737 new articles
2026-01-31 18:00:01,449 - httpx - INFO - HTTP Request: POST https://api.telegram.org/bot8500861592:AAHj3wJBbsu_wJa2NlavcgoAwA-fDrByO6k/editMessageText "HTTP/1.1 200 OK"
2026-01-31 18:00:01,449 - utils - INFO - 
2026-01-31 18:00:01,451 - utils - INFO - 📊 STEP 2/4: RETRIEVING UNPROCESSED ARTICLES
2026-01-31 18:00:01,451 - utils - INFO - ----------------------------------------------------------------------
2026-01-31 18:00:01,460 - utils - INFO - ✅ Found 50 unprocessed articles
2026-01-31 18:00:01,460 - utils - INFO - 
2026-01-31 18:00:01,460 - utils - INFO - 🤖 STEP 3/4: AI FILTERING (50 articles)
2026-01-31 18:00:01,460 - utils - INFO - ----------------------------------------------------------------------
2026-01-31 18:00:01,460 - utils - INFO - [░░░░░░░░░░] 2% - 1/50 articles
2026-01-31 18:00:01,650 - httpx - INFO - HTTP Request: POST https://api.telegram.org/bot8500861592:AAHj3wJBbsu_wJa2NlavcgoAwA-fDrByO6k/editMessageText "HTTP/1.1 200 OK"
2026-01-31 18:00:01,680 - utils - INFO - [█░░░░░░░░░] 10% - 5/50 articles
2026-01-31 18:00:01,812 - httpx - INFO - HTTP Request: POST https://api.telegram.org/bot8500861592:AAHj3wJBbsu_wJa2NlavcgoAwA-fDrByO6k/editMessageText "HTTP/1.1 200 OK"
2026-01-31 18:00:01,846 - utils - INFO - [██░░░░░░░░] 20% - 10/50 articles
2026-01-31 18:00:01,983 - httpx - INFO - HTTP Request: POST https://api.telegram.org/bot8500861592:AAHj3wJBbsu_wJa2NlavcgoAwA-fDrByO6k/editMessageText "HTTP/1.1 200 OK"
2026-01-31 18:00:02,021 - utils - INFO - [███░░░░░░░] 30% - 15/50 articles
2026-01-31 18:00:02,141 - httpx - INFO - HTTP Request: POST https://api.telegram.org/bot8500861592:AAHj3wJBbsu_wJa2NlavcgoAwA-fDrByO6k/editMessageText "HTTP/1.1 200 OK"
2026-01-31 18:00:02,180 - utils - INFO - [████░░░░░░] 40% - 20/50 articles
2026-01-31 18:00:02,321 - httpx - INFO - HTTP Request: POST https://api.telegram.org/bot8500861592:AAHj3wJBbsu_wJa2NlavcgoAwA-fDrByO6k/editMessageText "HTTP/1.1 200 OK"
2026-01-31 18:00:02,360 - utils - INFO - [█████░░░░░] 50% - 25/50 articles
2026-01-31 18:00:02,512 - httpx - INFO - HTTP Request: POST https://api.telegram.org/bot8500861592:AAHj3wJBbsu_wJa2NlavcgoAwA-fDrByO6k/editMessageText "HTTP/1.1 200 OK"
2026-01-31 18:00:02,546 - utils - INFO - [██████░░░░] 60% - 30/50 articles
2026-01-31 18:00:02,711 - httpx - INFO - HTTP Request: POST https://api.telegram.org/bot8500861592:AAHj3wJBbsu_wJa2NlavcgoAwA-fDrByO6k/editMessageText "HTTP/1.1 200 OK"
2026-01-31 18:00:02,741 - utils - INFO - [███████░░░] 70% - 35/50 articles
2026-01-31 18:00:02,939 - httpx - INFO - HTTP Request: POST https://api.telegram.org/bot8500861592:AAHj3wJBbsu_wJa2NlavcgoAwA-fDrByO6k/editMessageText "HTTP/1.1 200 OK"
2026-01-31 18:00:02,962 - utils - INFO - [████████░░] 80% - 40/50 articles
2026-01-31 18:00:03,145 - httpx - INFO - HTTP Request: POST https://api.telegram.org/bot8500861592:AAHj3wJBbsu_wJa2NlavcgoAwA-fDrByO6k/editMessageText "HTTP/1.1 200 OK"
2026-01-31 18:00:03,170 - utils - INFO - [█████████░] 90% - 45/50 articles
2026-01-31 18:00:03,410 - httpx - INFO - HTTP Request: POST https://api.telegram.org/bot8500861592:AAHj3wJBbsu_wJa2NlavcgoAwA-fDrByO6k/editMessageText "HTTP/1.1 200 OK"
2026-01-31 18:00:03,440 - utils - INFO - [██████████] 100% - 50/50 articles
2026-01-31 18:00:03,661 - httpx - INFO - HTTP Request: POST https://api.telegram.org/bot8500861592:AAHj3wJBbsu_wJa2NlavcgoAwA-fDrByO6k/editMessageText "HTTP/1.1 200 OK"
2026-01-31 18:00:03,671 - utils - INFO - ✅ AI filtering complete: 0 relevant events found
2026-01-31 18:00:03,671 - utils - INFO - ℹ️  No relevant events found
2026-01-31 18:00:03,880 - httpx - INFO - HTTP Request: POST https://api.telegram.org/bot8500861592:AAHj3wJBbsu_wJa2NlavcgoAwA-fDrByO6k/sendMessage "HTTP/1.1 200 OK"
2026-01-31 18:00:03,880 - utils - INFO - 
⏳ Next check in 30 minutes...
2026-01-31 18:00:03,880 - utils - INFO - 🔔 Manual check triggered!
2026-01-31 18:00:03,880 - utils - INFO - ======================================================================
2026-01-31 18:00:03,880 - utils - INFO - 🚀 STARTING NEWS PROCESSING CYCLE
2026-01-31 18:00:03,880 - utils - INFO - ======================================================================
2026-01-31 18:00:03,880 - utils - INFO - 
2026-01-31 18:00:03,880 - utils - INFO - 📥 STEP 1/4: PARALLEL COLLECTION
2026-01-31 18:00:03,880 - utils - INFO - ----------------------------------------------------------------------
2026-01-31 18:00:04,040 - httpx - INFO - HTTP Request: POST https://api.telegram.org/bot8500861592:AAHj3wJBbsu_wJa2NlavcgoAwA-fDrByO6k/editMessageText "HTTP/1.1 200 OK"
2026-01-31 18:00:04,040 - news_collector - INFO - 🚀 Collection from 85 sources (20 workers)...
2026-01-31 18:00:06,483 - news_collector - WARNING - No entries found in 74.ru – Челябинск
2026-01-31 18:00:06,589 - news_collector - WARNING - No entries found in Fontanka.ru – Санкт‑Петербург
2026-01-31 18:00:06,857 - news_collector - WARNING - No entries found in 66.ru – Екатеринбург
2026-01-31 18:00:06,980 - news_collector - WARNING - No entries found in NGS.ru – Новосибирск
2026-01-31 18:00:07,410 - httpx - INFO - HTTP Request: POST https://api.telegram.org/bot8500861592:AAHj3wJBbsu_wJa2NlavcgoAwA-fDrByO6k/getUpdates "HTTP/1.1 200 OK"
2026-01-31 18:00:07,430 - news_collector - WARNING - No entries found in E1.ru – Екатеринбург
2026-01-31 18:00:07,638 - news_collector - WARNING - No entries found in DP.ru – Петербург
2026-01-31 18:00:07,640 - httpx - INFO - HTTP Request: POST https://api.telegram.org/bot8500861592:AAHj3wJBbsu_wJa2NlavcgoAwA-fDrByO6k/answerCallbackQuery "HTTP/1.1 200 OK"
2026-01-31 18:00:08,025 - httpx - INFO - HTTP Request: POST https://api.telegram.org/bot8500861592:AAHj3wJBbsu_wJa2NlavcgoAwA-fDrByO6k/editMessageText "HTTP/1.1 200 OK"
2026-01-31 18:00:08,928 - news_collector - WARNING - No entries found in Ksonline – Красноярск
2026-01-31 18:00:09,229 - news_collector - INFO - [12%] ✓ Rambler Новости – Россия: 3
2026-01-31 18:00:09,649 - news_collector - WARNING - No entries found in Rambler Новости – Екатеринбург
2026-01-31 18:00:10,485 - news_collector - INFO - [24%] ✓ ТАСС – Происшествия: 1
2026-01-31 18:00:10,580 - httpx - INFO - HTTP Request: POST https://api.telegram.org/bot8500861592:AAHj3wJBbsu_wJa2NlavcgoAwA-fDrByO6k/getUpdates "HTTP/1.1 200 OK"
2026-01-31 18:00:10,625 - news_collector - WARNING - No entries found in Bg.ru – Город
2026-01-31 18:00:10,969 - news_collector - WARNING - No entries found in Российская газета – Регионы РФ
2026-01-31 18:00:11,088 - news_collector - WARNING - No entries found in E1.ru – Новости
2026-01-31 18:00:11,090 - httpx - INFO - HTTP Request: POST https://api.telegram.org/bot8500861592:AAHj3wJBbsu_wJa2NlavcgoAwA-fDrByO6k/answerCallbackQuery "HTTP/1.1 200 OK"
2026-01-31 18:00:11,271 - news_collector - WARNING - No entries found in Bg.ru – Москва, новости города
2026-01-31 18:00:11,555 - news_collector - WARNING - No entries found in 74.ru – Происшествия
2026-01-31 18:00:11,765 - news_collector - WARNING - No entries found in NGS.ru – Происшествия
2026-01-31 18:00:11,952 - httpx - INFO - HTTP Request: POST https://api.telegram.org/bot8500861592:AAHj3wJBbsu_wJa2NlavcgoAwA-fDrByO6k/editMessageText "HTTP/1.1 200 OK"
2026-01-31 18:00:11,952 - news_collector - WARNING - No entries found in Коммунальный комплекс России – Новости ЖКХ
2026-01-31 18:00:12,184 - news_collector - WARNING - No entries found in Fontanka.ru – Происшествия
2026-01-31 18:00:12,320 - news_collector - WARNING - No entries found in 66.ru – Новости Екатеринбурга
2026-01-31 18:00:13,258 - news_collector - WARNING - No entries found in Правительство Санкт‑Петербурга – Новости
2026-01-31 18:00:13,536 - news_collector - WARNING - No entries found in Novgorodskie Vedomosti – Новости
2026-01-31 18:00:13,999 - news_collector - WARNING - No entries found in Novgorodskie Vedomosti – Пресс-релизы
2026-01-31 18:00:14,111 - news_collector - WARNING - No entries found in Администрация Калининграда – Новости
2026-01-31 18:00:14,334 - news_collector - WARNING - No entries found in Администрация Омска – Новости
2026-01-31 18:00:14,334 - httpx - INFO - HTTP Request: POST https://api.telegram.org/bot8500861592:AAHj3wJBbsu_wJa2NlavcgoAwA-fDrByO6k/getUpdates "HTTP/1.1 200 OK"
2026-01-31 18:00:14,634 - httpx - INFO - HTTP Request: POST https://api.telegram.org/bot8500861592:AAHj3wJBbsu_wJa2NlavcgoAwA-fDrByO6k/answerCallbackQuery "HTTP/1.1 200 OK"
2026-01-31 18:00:14,890 - news_collector - WARNING - No entries found in Яндекс ЖКХ
2026-01-31 18:00:14,976 - news_collector - WARNING - No entries found in Ksonline – Коммуналка и город
2026-01-31 18:00:14,976 - httpx - INFO - HTTP Request: POST https://api.telegram.org/bot8500861592:AAHj3wJBbsu_wJa2NlavcgoAwA-fDrByO6k/editMessageText "HTTP/1.1 200 OK"
2026-01-31 18:00:15,415 - news_collector - WARNING - No entries found in Яндекс Происшествия
2026-01-31 18:00:15,520 - news_collector - WARNING - No entries found in Администрация Новосибирска – Новости
2026-01-31 18:00:15,638 - news_collector - WARNING - No entries found in Администрация Челябинска – Новости
2026-01-31 18:00:16,025 - news_collector - WARNING - No entries found in URA.RU – УрФО
2026-01-31 18:00:16,089 - news_collector - WARNING - No entries found in Администрация Красноярска – Новости
2026-01-31 18:00:16,346 - news_collector - WARNING - No entries found in Khabarovsk.kp.ru – Хабаровск, происшествия
2026-01-31 18:00:16,606 - news_collector - WARNING - No entries found in Администрация Екатеринбурга – Новости
2026-01-31 18:00:16,812 - httpx - INFO - HTTP Request: POST https://api.telegram.org/bot8500861592:AAHj3wJBbsu_wJa2NlavcgoAwA-fDrByO6k/getUpdates "HTTP/1.1 200 OK"
2026-01-31 18:00:16,860 - news_collector - WARNING - No entries found in NN.ru – Нижний Новгород, происшествия
2026-01-31 18:00:16,971 - httpx - INFO - HTTP Request: POST https://api.telegram.org/bot8500861592:AAHj3wJBbsu_wJa2NlavcgoAwA-fDrByO6k/answerCallbackQuery "HTTP/1.1 200 OK"
2026-01-31 18:00:17,184 - news_collector - WARNING - No entries found in Omsk.kp.ru – Омск, происшествия
2026-01-31 18:00:17,291 - news_collector - WARNING - No entries found in Spb.kp.ru – Петербург, происшествия
2026-01-31 18:00:17,403 - news_collector - WARNING - No entries found in Tendence.ru – IT и сбои инфраструктуры
2026-01-31 18:00:17,430 - httpx - INFO - HTTP Request: POST https://api.telegram.org/bot8500861592:AAHj3wJBbsu_wJa2NlavcgoAwA-fDrByO6k/editMessageText "HTTP/1.1 200 OK"
2026-01-31 18:00:17,505 - news_collector - INFO - [77%] ✓ Известия – Новости: 50
2026-01-31 18:00:17,596 - news_collector - WARNING - No entries found in Город N – Нижний Новгород, происшествия
2026-01-31 18:00:17,788 - news_collector - WARNING - No entries found in 35media.ru – Вологодская область, происшествия
2026-01-31 18:00:17,795 - news_collector - WARNING - No entries found in Irkutsk.kp.ru – Иркутск, происшествия
2026-01-31 18:00:17,797 - news_collector - WARNING - No entries found in Msk.kp.ru – Москва, происшествия
2026-01-31 18:00:18,043 - news_collector - WARNING - No entries found in Росводоканал – Новости
2026-01-31 18:00:18,184 - news_collector - WARNING - No entries found in РосТехНадзор – Новости
2026-01-31 18:00:18,410 - news_collector - WARNING - No entries found in Минстрой России – Новости
2026-01-31 18:00:18,418 - httpx - INFO - HTTP Request: POST https://api.telegram.org/bot8500861592:AAHj3wJBbsu_wJa2NlavcgoAwA-fDrByO6k/getUpdates "HTTP/1.1 200 OK"
2026-01-31 18:00:18,578 - httpx - INFO - HTTP Request: POST https://api.telegram.org/bot8500861592:AAHj3wJBbsu_wJa2NlavcgoAwA-fDrByO6k/answerCallbackQuery "HTTP/1.1 200 OK"
2026-01-31 18:00:18,721 - httpx - INFO - HTTP Request: POST https://api.telegram.org/bot8500861592:AAHj3wJBbsu_wJa2NlavcgoAwA-fDrByO6k/editMessageText "HTTP/1.1 200 OK"
2026-01-31 18:00:19,458 - news_collector - WARNING - No entries found in Администрация Перми – Новости
2026-01-31 18:00:19,524 - httpx - INFO - HTTP Request: POST https://api.telegram.org/bot8500861592:AAHj3wJBbsu_wJa2NlavcgoAwA-fDrByO6k/getUpdates "HTTP/1.1 200 OK"
2026-01-31 18:00:19,655 - httpx - INFO - HTTP Request: POST https://api.telegram.org/bot8500861592:AAHj3wJBbsu_wJa2NlavcgoAwA-fDrByO6k/answerCallbackQuery "HTTP/1.1 200 OK"
2026-01-31 18:00:19,802 - httpx - INFO - HTTP Request: POST https://api.telegram.org/bot8500861592:AAHj3wJBbsu_wJa2NlavcgoAwA-fDrByO6k/editMessageText "HTTP/1.1 200 OK"
2026-01-31 18:00:20,812 - httpx - INFO - HTTP Request: POST https://api.telegram.org/bot8500861592:AAHj3wJBbsu_wJa2NlavcgoAwA-fDrByO6k/getUpdates "HTTP/1.1 200 OK"
2026-01-31 18:00:20,937 - httpx - INFO - HTTP Request: POST https://api.telegram.org/bot8500861592:AAHj3wJBbsu_wJa2NlavcgoAwA-fDrByO6k/answerCallbackQuery "HTTP/1.1 200 OK"
2026-01-31 18:00:21,061 - httpx - INFO - HTTP Request: POST https://api.telegram.org/bot8500861592:AAHj3wJBbsu_wJa2NlavcgoAwA-fDrByO6k/editMessageText "HTTP/1.1 200 OK"
2026-01-31 18:00:21,602 - news_collector - WARNING - No entries found in Energyland.info – Аварии в энергетике
2026-01-31 18:00:21,701 - httpx - INFO - HTTP Request: POST https://api.telegram.org/bot8500861592:AAHj3wJBbsu_wJa2NlavcgoAwA-fDrByO6k/getUpdates "HTTP/1.1 200 OK"
2026-01-31 18:00:21,728 - news_collector - WARNING - No entries found in Zhel.city – Железногорск, коммунальные новости
2026-01-31 18:00:21,730 - news_collector - INFO - ⚡ DONE: 54 articles in 17.7s
2026-01-31 18:00:21,730 - utils - INFO - ✅ Collection complete: 54 new articles
2026-01-31 18:00:21,889 - httpx - INFO - HTTP Request: POST https://api.telegram.org/bot8500861592:AAHj3wJBbsu_wJa2NlavcgoAwA-fDrByO6k/answerCallbackQuery "HTTP/1.1 200 OK"
2026-01-31 18:00:22,130 - httpx - INFO - HTTP Request: POST https://api.telegram.org/bot8500861592:AAHj3wJBbsu_wJa2NlavcgoAwA-fDrByO6k/editMessageText "HTTP/1.1 200 OK"
2026-01-31 18:00:22,213 - httpx - INFO - HTTP Request: POST https://api.telegram.org/bot8500861592:AAHj3wJBbsu_wJa2NlavcgoAwA-fDrByO6k/editMessageText "HTTP/1.1 200 OK"
2026-01-31 18:00:22,214 - utils - INFO - 
2026-01-31 18:00:22,214 - utils - INFO - 📊 STEP 2/4: RETRIEVING UNPROCESSED ARTICLES
2026-01-31 18:00:22,214 - utils - INFO - ----------------------------------------------------------------------
2026-01-31 18:00:22,228 - utils - INFO - ✅ Found 50 unprocessed articles
2026-01-31 18:00:22,228 - utils - INFO - 
2026-01-31 18:00:22,230 - utils - INFO - 🤖 STEP 3/4: AI FILTERING (50 articles)
2026-01-31 18:00:22,230 - utils - INFO - ----------------------------------------------------------------------
2026-01-31 18:00:22,233 - utils - INFO - [░░░░░░░░░░] 2% - 1/50 articles
2026-01-31 18:00:22,462 - httpx - INFO - HTTP Request: POST https://api.telegram.org/bot8500861592:AAHj3wJBbsu_wJa2NlavcgoAwA-fDrByO6k/editMessageText "HTTP/1.1 200 OK"
2026-01-31 18:00:22,488 - utils - INFO - [█░░░░░░░░░] 10% - 5/50 articles
2026-01-31 18:00:22,655 - httpx - INFO - HTTP Request: POST https://api.telegram.org/bot8500861592:AAHj3wJBbsu_wJa2NlavcgoAwA-fDrByO6k/editMessageText "HTTP/1.1 200 OK"
2026-01-31 18:00:22,678 - ai_filter - INFO - 🔎 Analyzing (Score 4): Повреждение защитного троса вызвало повторную авар...
2026-01-31 18:00:23,127 - httpx - INFO - HTTP Request: POST https://api.telegram.org/bot8500861592:AAHj3wJBbsu_wJa2NlavcgoAwA-fDrByO6k/getUpdates "HTTP/1.1 200 OK"
2026-01-31 18:00:23,254 - httpx - INFO - HTTP Request: POST https://api.telegram.org/bot8500861592:AAHj3wJBbsu_wJa2NlavcgoAwA-fDrByO6k/answerCallbackQuery "HTTP/1.1 200 OK"
2026-01-31 18:00:23,415 - httpx - INFO - HTTP Request: POST https://api.telegram.org/bot8500861592:AAHj3wJBbsu_wJa2NlavcgoAwA-fDrByO6k/editMessageText "HTTP/1.1 200 OK"
2026-01-31 18:00:23,676 - httpx - INFO - HTTP Request: POST https://api.perplexity.ai/chat/completions "HTTP/1.1 401 Unauthorized"
2026-01-31 18:00:23,676 - ai_filter - ERROR - Error filtering article Повреждение защитного троса вызвало повторную аварию на ЛЭП в Мурманской области: <html>
<head><title>401 Authorization Required</title></head>
<body>
<center><h1>401 Authorization Required</h1></center>
<hr><center>openresty/1.27.4</center>
<script>(function(){function c(){var b=a.contentDocument||a.contentWindow.document;if(b){var d=b.createElement('script');d.innerHTML="window.__CF$cv$params={r:'9c6a13fe9f0ab316',t:'MTc2OTg3MTYyMS4wMDAwMDA='};var a=document.createElement('script');a.nonce='';a.src='/cdn-cgi/challenge-platform/scripts/jsd/main.js';document.getElementsByTagName('head')[0].appendChild(a);";b.getElementsByTagName('head')[0].appendChild(d)}}if(document.body){var a=document.createElement('iframe');a.height=1;a.width=1;a.style.position='absolute';a.style.top=0;a.style.left=0;a.style.border='none';a.style.visibility='hidden';document.body.appendChild(a);if('loading'!==document.readyState)c();else if(window.addEventListener)document.addEventListener('DOMContentLoaded',c);else{var e=document.onreadystatechange||function(){};document.onreadystatechange=function(b){e(b);'loading'!==document.readyState&&(document.onreadystatechange=e,c())}}}})();</script></body>
</html>
2026-01-31 18:00:23,684 - utils - INFO - [██░░░░░░░░] 20% - 10/50 articles
2026-01-31 18:00:23,827 - httpx - INFO - HTTP Request: POST https://api.telegram.org/bot8500861592:AAHj3wJBbsu_wJa2NlavcgoAwA-fDrByO6k/editMessageText "HTTP/1.1 200 OK"
2026-01-31 18:00:23,869 - utils - INFO - [███░░░░░░░] 30% - 15/50 articles
2026-01-31 18:00:23,999 - httpx - INFO - HTTP Request: POST https://api.telegram.org/bot8500861592:AAHj3wJBbsu_wJa2NlavcgoAwA-fDrByO6k/editMessageText "HTTP/1.1 200 OK"
2026-01-31 18:00:24,034 - utils - INFO - [████░░░░░░] 40% - 20/50 articles
2026-01-31 18:00:24,160 - httpx - INFO - HTTP Request: POST https://api.telegram.org/bot8500861592:AAHj3wJBbsu_wJa2NlavcgoAwA-fDrByO6k/editMessageText "HTTP/1.1 200 OK"
2026-01-31 18:00:24,184 - utils - INFO - [█████░░░░░] 50% - 25/50 articles
2026-01-31 18:00:24,221 - httpx - INFO - HTTP Request: POST https://api.telegram.org/bot8500861592:AAHj3wJBbsu_wJa2NlavcgoAwA-fDrByO6k/getUpdates "HTTP/1.1 200 OK"
2026-01-31 18:00:24,360 - httpx - INFO - HTTP Request: POST https://api.telegram.org/bot8500861592:AAHj3wJBbsu_wJa2NlavcgoAwA-fDrByO6k/editMessageText "HTTP/1.1 200 OK"
2026-01-31 18:00:24,371 - httpx - INFO - HTTP Request: POST https://api.telegram.org/bot8500861592:AAHj3wJBbsu_wJa2NlavcgoAwA-fDrByO6k/answerCallbackQuery "HTTP/1.1 200 OK"
2026-01-31 18:00:24,396 - utils - INFO - [██████░░░░] 60% - 30/50 articles
2026-01-31 18:00:24,561 - httpx - INFO - HTTP Request: POST https://api.telegram.org/bot8500861592:AAHj3wJBbsu_wJa2NlavcgoAwA-fDrByO6k/editMessageText "HTTP/1.1 200 OK"
2026-01-31 18:00:24,577 - httpx - INFO - HTTP Request: POST https://api.telegram.org/bot8500861592:AAHj3wJBbsu_wJa2NlavcgoAwA-fDrByO6k/editMessageText "HTTP/1.1 200 OK"
2026-01-31 18:00:24,604 - utils - INFO - [███████░░░] 70% - 35/50 articles
2026-01-31 18:00:24,738 - httpx - INFO - HTTP Request: POST https://api.telegram.org/bot8500861592:AAHj3wJBbsu_wJa2NlavcgoAwA-fDrByO6k/editMessageText "HTTP/1.1 200 OK"
2026-01-31 18:00:24,762 - utils - INFO - [████████░░] 80% - 40/50 articles
2026-01-31 18:00:24,897 - httpx - INFO - HTTP Request: POST https://api.telegram.org/bot8500861592:AAHj3wJBbsu_wJa2NlavcgoAwA-fDrByO6k/editMessageText "HTTP/1.1 200 OK"
2026-01-31 18:00:24,942 - utils - INFO - [█████████░] 90% - 45/50 articles
2026-01-31 18:00:25,065 - httpx - INFO - HTTP Request: POST https://api.telegram.org/bot8500861592:AAHj3wJBbsu_wJa2NlavcgoAwA-fDrByO6k/editMessageText "HTTP/1.1 200 OK"
2026-01-31 18:00:25,105 - utils - INFO - [██████████] 100% - 50/50 articles
2026-01-31 18:00:25,229 - httpx - INFO - HTTP Request: POST https://api.telegram.org/bot8500861592:AAHj3wJBbsu_wJa2NlavcgoAwA-fDrByO6k/editMessageText "HTTP/1.1 200 OK"
2026-01-31 18:00:25,234 - utils - INFO - ✅ AI filtering complete: 0 relevant events found
2026-01-31 18:00:25,234 - utils - INFO - ℹ️  No relevant events found
2026-01-31 18:00:25,234 - utils - INFO - 
⏳ Next check in 30 minutes...
2026-01-31 18:00:25,922 - httpx - INFO - HTTP Request: POST https://api.telegram.org/bot8500861592:AAHj3wJBbsu_wJa2NlavcgoAwA-fDrByO6k/getUpdates "HTTP/1.1 200 OK"
2026-01-31 18:00:26,039 - httpx - INFO - HTTP Request: POST https://api.telegram.org/bot8500861592:AAHj3wJBbsu_wJa2NlavcgoAwA-fDrByO6k/answerCallbackQuery "HTTP/1.1 200 OK"
2026-01-31 18:00:26,194 - httpx - INFO - HTTP Request: POST https://api.telegram.org/bot8500861592:AAHj3wJBbsu_wJa2NlavcgoAwA-fDrByO6k/editMessageText "HTTP/1.1 200 OK"
2026-01-31 18:00:30,755 - httpx - INFO - HTTP Request: POST https://api.telegram.org/bot8500861592:AAHj3wJBbsu_wJa2NlavcgoAwA-fDrByO6k/getUpdates "HTTP/1.1 200 OK"
2026-01-31 18:00:30,925 - httpx - INFO - HTTP Request: POST https://api.telegram.org/bot8500861592:AAHj3wJBbsu_wJa2NlavcgoAwA-fDrByO6k/answerCallbackQuery "HTTP/1.1 200 OK"
2026-01-31 18:00:31,089 - httpx - INFO - HTTP Request: POST https://api.telegram.org/bot8500861592:AAHj3wJBbsu_wJa2NlavcgoAwA-fDrByO6k/editMessageText "HTTP/1.1 200 OK"
2026-01-31 18:00:32,399 - httpx - INFO - HTTP Request: POST https://api.telegram.org/bot8500861592:AAHj3wJBbsu_wJa2NlavcgoAwA-fDrByO6k/getUpdates "HTTP/1.1 200 OK"
2026-01-31 18:00:32,582 - httpx - INFO - HTTP Request: POST https://api.telegram.org/bot8500861592:AAHj3wJBbsu_wJa2NlavcgoAwA-fDrByO6k/answerCallbackQuery "HTTP/1.1 200 OK"
2026-01-31 18:00:32,812 - httpx - INFO - HTTP Request: POST https://api.telegram.org/bot8500861592:AAHj3wJBbsu_wJa2NlavcgoAwA-fDrByO6k/editMessageText "HTTP/1.1 200 OK"
2026-01-31 18:00:33,342 - httpx - INFO - HTTP Request: POST https://api.telegram.org/bot8500861592:AAHj3wJBbsu_wJa2NlavcgoAwA-fDrByO6k/getUpdates "HTTP/1.1 200 OK"
2026-01-31 18:00:33,589 - httpx - INFO - HTTP Request: POST https://api.telegram.org/bot8500861592:AAHj3wJBbsu_wJa2NlavcgoAwA-fDrByO6k/answerCallbackQuery "HTTP/1.1 200 OK"
2026-01-31 18:00:33,820 - httpx - INFO - HTTP Request: POST https://api.telegram.org/bot8500861592:AAHj3wJBbsu_wJa2NlavcgoAwA-fDrByO6k/editMessageText "HTTP/1.1 200 OK"
2026-01-31 18:00:34,831 - httpx - INFO - HTTP Request: POST https://api.telegram.org/bot8500861592:AAHj3wJBbsu_wJa2NlavcgoAwA-fDrByO6k/getUpdates "HTTP/1.1 200 OK"
2026-01-31 18:00:34,942 - httpx - INFO - HTTP Request: POST https://api.telegram.org/bot8500861592:AAHj3wJBbsu_wJa2NlavcgoAwA-fDrByO6k/answerCallbackQuery "HTTP/1.1 200 OK"
2026-01-31 18:00:35,094 - httpx - INFO - HTTP Request: POST https://api.telegram.org/bot8500861592:AAHj3wJBbsu_wJa2NlavcgoAwA-fDrByO6k/editMessageText "HTTP/1.1 200 OK"
2026-01-31 18:00:35,667 - httpx - INFO - HTTP Request: POST https://api.telegram.org/bot8500861592:AAHj3wJBbsu_wJa2NlavcgoAwA-fDrByO6k/getUpdates "HTTP/1.1 200 OK"
2026-01-31 18:00:35,778 - httpx - INFO - HTTP Request: POST https://api.telegram.org/bot8500861592:AAHj3wJBbsu_wJa2NlavcgoAwA-fDrByO6k/answerCallbackQuery "HTTP/1.1 200 OK"
2026-01-31 18:00:35,938 - httpx - INFO - HTTP Request: POST https://api.telegram.org/bot8500861592:AAHj3wJBbsu_wJa2NlavcgoAwA-fDrByO6k/editMessageText "HTTP/1.1 200 OK"
